2018-12-13 02:11:56.1956 [DEBUG] Scene Fusion version 1.8.1-4
2018-12-13 02:11:56.2057 [INFO] Setting define symbol SCENE_FUSION
2018-12-13 02:12:06.4061 [DEBUG] Scene Fusion version 1.8.1-4
2018-12-13 02:18:56.7181 [INFO] Launching Session: ControlsKitchenSinkServerScene
2018-12-13 02:18:57.5379 [DEBUG] Connecting
2018-12-13 02:18:57.5746 [DEBUG] Connecting to room (87011:SceneFusion:SceneFusion) via TCP at roommanager-ec2-34-208-239-176.kinematicsoup.com:1065
2018-12-13 02:31:12.0860 [DEBUG] Scene Fusion version 1.8.1-4
2018-12-13 02:31:41.8146 [DEBUG] Scene Fusion version 1.8.1-4
2018-12-13 02:32:46.9606 [DEBUG] Scene Fusion version 1.8.1-4
2018-12-13 02:36:33.5205 [DEBUG] Scene Fusion version 1.8.1-4
2018-12-13 02:36:41.6027 [DEBUG] Scene Fusion version 1.8.1-4
2018-12-13 02:39:20.3399 [DEBUG] Scene Fusion version 1.8.1-4
2018-12-13 02:39:33.2739 [DEBUG] Scene Fusion version 1.8.1-4
2018-12-13 02:40:10.5784 [DEBUG] Scene Fusion version 1.8.1-4
2018-12-13 02:41:50.5911 [DEBUG] Scene Fusion version 1.8.1-4
2018-12-13 02:41:58.4270 [DEBUG] Scene Fusion version 1.8.1-4
2018-12-13 02:42:06.1973 [DEBUG] Scene Fusion version 1.8.1-4
2018-12-13 02:43:23.1446 [DEBUG] Scene Fusion version 1.8.1-4
2018-12-13 02:44:04.4682 [DEBUG] Scene Fusion version 1.8.1-4
2018-12-13 02:44:45.2380 [DEBUG] Scene Fusion version 1.8.1-4
2018-12-13 02:48:45.3587 [DEBUG] Scene Fusion version 1.8.1-4
2018-12-13 02:48:45.5493 [DEBUG] Play mode: True, sync in play mode: False
2018-12-13 02:48:54.2655 [DEBUG] Play mode: False
2018-12-13 02:50:25.3327 [DEBUG] Scene Fusion version 1.8.1-4
2018-12-13 02:50:33.9840 [DEBUG] Scene Fusion version 1.8.1-4
2018-12-13 02:50:42.3148 [DEBUG] Scene Fusion version 1.8.1-4
2018-12-13 02:51:09.7116 [DEBUG] Scene Fusion version 1.8.1-4
